<?xml version="1.0" encoding="UTF-8"?>
<testng-results skipped="0" failed="0" ignored="0" total="1" passed="1">
  <reporter-output>
  </reporter-output>
  <suite name="Default suite" duration-ms="909" started-at="2020-04-12T16:18:38 IST" finished-at="2020-04-12T16:18:39 IST">
    <groups>
    </groups>
    <test name="Default test" duration-ms="909" started-at="2020-04-12T16:18:38 IST" finished-at="2020-04-12T16:18:39 IST">
      <class name="com.DataDriven.ReadingDataFromExcel">
        <test-method status="PASS" signature="mains()[pri:0, instance:com.DataDriven.ReadingDataFromExcel@394e1a0f]" name="mains" duration-ms="847" started-at="2020-04-12T16:18:38 IST" finished-at="2020-04-12T16:18:39 IST">
          <reporter-output>
          </reporter-output>
        </test-method> <!-- mains -->
      </class> <!-- com.DataDriven.ReadingDataFromExcel -->
    </test> <!-- Default test -->
  </suite> <!-- Default suite -->
</testng-results>
